<?xml version="1.0" encoding="UTF-8"?>
<!-- Generated by org.testng.reporters.JUnitXMLReporter -->
<testsuite hostname="Utsav-PC" ignored="1" name="Test" tests="4" failures="4" timestamp="08 Oct 2019 16:32:06 GMT" time="144.708" errors="0">
  <testcase name="checkValidCredentials" time="0.102" classname="com.test.TestLoginPage">
    <failure type="java.lang.Error" message="Unresolved compilation problem: 
	login cannot be resolved
">
      <![CDATA[java.lang.Error: Unresolved compilation problem: 
login cannot be resolved

at com.test.TestLoginPage.checkValidCredentials(TestLoginPage.java:32)
... Removed 25 stack frames]]>
    </failure>
  </testcase> <!-- checkValidCredentials -->
  <testcase name="checkValidCredentials" time="0.017" classname="com.test.TestLoginPage">
    <failure type="java.lang.Error" message="Unresolved compilation problem: 
	login cannot be resolved
">
      <![CDATA[java.lang.Error: Unresolved compilation problem: 
login cannot be resolved

at com.test.TestLoginPage.checkValidCredentials(TestLoginPage.java:32)
... Removed 25 stack frames]]>
    </failure>
  </testcase> <!-- checkValidCredentials -->
  <testcase name="checkValidCredentials" time="0.016" classname="com.test.TestLoginPage">
    <failure type="java.lang.Error" message="Unresolved compilation problem: 
	login cannot be resolved
">
      <![CDATA[java.lang.Error: Unresolved compilation problem: 
login cannot be resolved

at com.test.TestLoginPage.checkValidCredentials(TestLoginPage.java:32)
... Removed 25 stack frames]]>
    </failure>
  </testcase> <!-- checkValidCredentials -->
  <testcase name="checkinvalidlogin" time="138.096" classname="com.test.TestLoginPage">
    <failure type="org.openqa.selenium.NoSuchWindowException" message="Browsing context has been discarded
Build info: version: &amp;apos;3.141.59&amp;apos;, revision: &amp;apos;e82be7d358&amp;apos;, time: &amp;apos;2018-11-14T08:25:48&amp;apos;
System info: host: &amp;apos;UTSAV-PC&amp;apos;, ip: &amp;apos;192.168.56.1&amp;apos;, os.name: &amp;apos;Windows 7&amp;apos;, os.arch: &amp;apos;amd64&amp;apos;, os.version: &amp;apos;6.1&amp;apos;, java.version: &amp;apos;1.8.0_131&amp;apos;
Driver info: org.openqa.selenium.firefox.FirefoxDriver
Capabilities {acceptInsecureCerts: true, browserName: firefox, browserVersion: 69.0.1, javascriptEnabled: true, moz:accessibilityChecks: false, moz:buildID: 20190917135527, moz:geckodriverVersion: 0.24.0, moz:headless: false, moz:processID: 6252, moz:profile: C:\Users\Administrator\AppD..., moz:shutdownTimeout: 60000, moz:useNonSpecCompliantPointerOrigin: false, moz:webdriverClick: true, pageLoadStrategy: normal, platform: WINDOWS, platformName: WINDOWS, platformVersion: 6.1, rotatable: false, setWindowRect: true, strictFileInteractability: false, timeouts: {implicit: 0, pageLoad: 300000, script: 30000}, unhandledPromptBehavior: dismiss and notify}
Session ID: 9771bce4-ffc8-49d6-b701-821e0babfd5d
*** Element info: {Using=xpath, value=/html/body/div/div[2]/div/div[3]/div/div[1]/ol/li}">
      <![CDATA[org.openqa.selenium.NoSuchWindowException: Browsing context has been discarded
Build info: version: '3.141.59', revision: 'e82be7d358', time: '2018-11-14T08:25:48'
System info: host: 'UTSAV-PC', ip: '192.168.56.1', os.name: 'Windows 7', os.arch: 'amd64', os.version: '6.1', java.version: '1.8.0_131'
Driver info: org.openqa.selenium.firefox.FirefoxDriver
Capabilities {acceptInsecureCerts: true, browserName: firefox, browserVersion: 69.0.1, javascriptEnabled: true, moz:accessibilityChecks: false, moz:buildID: 20190917135527, moz:geckodriverVersion: 0.24.0, moz:headless: false, moz:processID: 6252, moz:profile: C:\Users\Administrator\AppD..., moz:shutdownTimeout: 60000, moz:useNonSpecCompliantPointerOrigin: false, moz:webdriverClick: true, pageLoadStrategy: normal, platform: WINDOWS, platformName: WINDOWS, platformVersion: 6.1, rotatable: false, setWindowRect: true, strictFileInteractability: false, timeouts: {implicit: 0, pageLoad: 300000, script: 30000}, unhandledPromptBehavior: dismiss and notify}
Session ID: 9771bce4-ffc8-49d6-b701-821e0babfd5d
*** Element info: {Using=xpath, value=/html/body/div/div[2]/div/div[3]/div/div[1]/ol/li}
at org.openqa.selenium.remote.http.W3CHttpResponseCodec.createException(W3CHttpResponseCodec.java:187)
at org.openqa.selenium.remote.http.W3CHttpResponseCodec.decode(W3CHttpResponseCodec.java:122)
at org.openqa.selenium.remote.http.W3CHttpResponseCodec.decode(W3CHttpResponseCodec.java:49)
at org.openqa.selenium.remote.HttpCommandExecutor.execute(HttpCommandExecutor.java:158)
at org.openqa.selenium.remote.service.DriverCommandExecutor.execute(DriverCommandExecutor.java:83)
at org.openqa.selenium.remote.RemoteWebDriver.execute(RemoteWebDriver.java:552)
at org.openqa.selenium.remote.RemoteWebDriver.findElement(RemoteWebDriver.java:323)
at org.openqa.selenium.remote.RemoteWebDriver.findElementByXPath(RemoteWebDriver.java:428)
at org.openqa.selenium.By$ByXPath.findElement(By.java:353)
at org.openqa.selenium.remote.RemoteWebDriver.findElement(RemoteWebDriver.java:315)
at com.page.LoginPage.invalidlogin(LoginPage.java:60)
at com.test.TestLoginPage.checkinvalidlogin(TestLoginPage.java:48)
... Removed 29 stack frames]]>
    </failure>
  </testcase> <!-- checkinvalidlogin -->
  <testcase name="checkLogout" time="0.0" classname="com.test.TestLoginPage">
    <ignored/>
  </testcase> <!-- checkLogout -->
</testsuite> <!-- Test -->
